<?xml version="1.0" encoding="UTF-8"?>
<!-- Generated by org.testng.reporters.JUnitReportReporter -->
<testsuite hostname="DESKTOP-TOOHLUF" failures="0" tests="1" name="testpckg.ChoiceTest" time="179.225" errors="0" timestamp="2025-07-16T21:19:31 IST" skipped="0">
  <testcase classname="testpckg.ChoiceTest" name="verifyChoice" time="179.225"/>
</testsuite> <!-- testpckg.ChoiceTest -->
